0 info it worked if it ends with ok
1 verbose cli [ 'C:\\Program Files\\nodejs\\node.exe',
1 verbose cli   'C:\\Program Files\\nodejs\\node_modules\\npm\\bin\\npm-cli.js',
1 verbose cli   'bug',
1 verbose cli   'tester_quiz.js' ]
2 info using npm@3.10.8
3 info using node@v6.9.1
4 silly fetchPackageMetaData tester_quiz.js
5 silly fetchOtherPackageData tester_quiz.js
6 silly cache add args [ 'tester_quiz.js', null ]
7 verbose cache add spec tester_quiz.js
8 silly cache add parsed spec Result {
8 silly cache add   raw: 'tester_quiz.js',
8 silly cache add   scope: null,
8 silly cache add   escapedName: 'tester_quiz.js',
8 silly cache add   name: null,
8 silly cache add   rawSpec: 'tester_quiz.js',
8 silly cache add   spec: 'C:\\Users\\andrew25ism\\PhpstormProjects\\react-play\\my_plugins\\tester_quiz.js',
8 silly cache add   type: 'local' }
9 silly addLocalTarball shasum (computed) 6e01e90c74371e0216e0b83800534b85e5a33032
10 verbose addTmpTarball C:\Users\andrew25ism\PhpstormProjects\react-play\my_plugins\tester_quiz.js not in flight; adding
11 verbose correctMkdir C:\Users\andrew25ism\AppData\Roaming\npm-cache correctMkdir not in flight; initializing
12 verbose addTmpTarball validating metadata from C:\Users\andrew25ism\PhpstormProjects\react-play\my_plugins\tester_quiz.js
13 verbose tar unpack C:\Users\andrew25ism\PhpstormProjects\react-play\my_plugins\tester_quiz.js
14 verbose tar unpacking to C:\Users\ANDREW~1\AppData\Local\Temp\npm-11064-8f171aff\unpack-9943ce6b
15 silly gentlyRm C:\Users\ANDREW~1\AppData\Local\Temp\npm-11064-8f171aff\unpack-9943ce6b is being purged
16 verbose gentlyRm don't care about contents; nuking C:\Users\ANDREW~1\AppData\Local\Temp\npm-11064-8f171aff\unpack-9943ce6b
17 silly gunzTarPerm modes [ '777', '666' ]
18 error not a package C:\Users\andrew25ism\PhpstormProjects\react-play\my_plugins\tester_quiz.js
19 error addLocal Could not install C:\Users\andrew25ism\PhpstormProjects\react-play\my_plugins\tester_quiz.js
20 silly fetchPackageMetaData Error: ENOENT: no such file or directory, open 'C:\Users\ANDREW~1\AppData\Local\Temp\npm-11064-8f171aff\unpack-9943ce6b\package.json'
20 silly fetchPackageMetaData     at Error (native)
20 silly fetchPackageMetaData  error for tester_quiz.js { Error: ENOENT: no such file or directory, open 'C:\Users\ANDREW~1\AppData\Local\Temp\npm-11064-8f171aff\unpack-9943ce6b\package.json'
20 silly fetchPackageMetaData     at Error (native)
20 silly fetchPackageMetaData   errno: -4058,
20 silly fetchPackageMetaData   code: 'ENOENT',
20 silly fetchPackageMetaData   syscall: 'open',
20 silly fetchPackageMetaData   path: 'C:\\Users\\ANDREW~1\\AppData\\Local\\Temp\\npm-11064-8f171aff\\unpack-9943ce6b\\package.json' }
21 verbose stack Error: ENOENT: no such file or directory, open 'C:\Users\ANDREW~1\AppData\Local\Temp\npm-11064-8f171aff\unpack-9943ce6b\package.json'
21 verbose stack     at Error (native)
22 verbose cwd C:\Users\andrew25ism\PhpstormProjects\react-play\my_plugins
23 error Windows_NT 10.0.14393
24 error argv "C:\\Program Files\\nodejs\\node.exe" "C:\\Program Files\\nodejs\\node_modules\\npm\\bin\\npm-cli.js" "bug" "tester_quiz.js"
25 error node v6.9.1
26 error npm  v3.10.8
27 error path C:\Users\ANDREW~1\AppData\Local\Temp\npm-11064-8f171aff\unpack-9943ce6b\package.json
28 error code ENOENT
29 error errno -4058
30 error syscall open
31 error enoent ENOENT: no such file or directory, open 'C:\Users\ANDREW~1\AppData\Local\Temp\npm-11064-8f171aff\unpack-9943ce6b\package.json'
32 error enoent ENOENT: no such file or directory, open 'C:\Users\ANDREW~1\AppData\Local\Temp\npm-11064-8f171aff\unpack-9943ce6b\package.json'
32 error enoent This is most likely not a problem with npm itself
32 error enoent and is related to npm not being able to find a file.
33 verbose exit [ -4058, true ]
